Caffeine
Donepezil
Nicotinic Acid
Pyridoxal
Pyridoxine
Serotonin
Dopamine
Leucine
Phenylalanine
Tryptophan
Isoleucine
Kynurenine
Methionine
Thiamine
Valine
Homocysteine
3-Hydroxykynurenine
Taurine
Pyridoxal-5-Phosphate
Tyrosine
AABA
Folic Acid
Amoxicilin
Folinic Acid
Alanine
DOPA
Pyridoxamine
Threonine
Homoserine
Glycine
Methylcobalamine
Glutamine 13C5
Glutamine
Glutamic acid
Serine
Asparagine
Cyanocobalamine
Citrulline
Agmatine
GABA
Cadaverine
Aspartic acid
Histidine
Arginine
Arginine 13C6
Anserine
Lysine 13C6
Lysine
Carnosine
Proline
Ornithine
